app/build/outputs/logs/manifest-merger-debug-report.txt
-- Merging decision tree log ---
manifest
ADDED from src/main/AndroidManifest.xml:21:1-118:12
INJECTED from src/main/AndroidManifest.xml:21:1-118:12
INJECTED from src/main/AndroidManifest.xml:21:1-118:12
INJECTED from src/main/AndroidManifest.xml:21:1-118:12
MERGED from [:locale_api] AndroidManifest.xml:2:1-13:12
INJECTED from src/main/AndroidManifest.xml:21:1-118:12
INJECTED from src/main/AndroidManifest.xml:21:1-118:12
INJECTED from src/main/AndroidManifest.xml:21:1-118:12
	package
		ADDED from src/main/AndroidManifest.xml:23:5-28
		INJECTED from src/main/AndroidManifest.xml
		INJECTED from src/main/AndroidManifest.xml
	android:versionName
		ADDED from src/main/AndroidManifest.xml:26:5-30
		INJECTED from src/main/AndroidManifest.xml
		INJECTED from src/main/AndroidManifest.xml
	xmlns:tools
		ADDED from src/main/AndroidManifest.xml:22:5-51
	xmlns:android
		ADDED from src/main/AndroidManifest.xml:21:11-69
	android:versionCode
		ADDED from src/main/AndroidManifest.xml:25:5-31
		INJECTED from src/main/AndroidManifest.xml
		INJECTED from src/main/AndroidManifest.xml
	android:installLocation
		ADDED from src/main/AndroidManifest.xml:24:5-43
uses-sdk
ADDED from src/main/AndroidManifest.xml:29:5-31:41
INJECTED from src/main/AndroidManifest.xml:29:5-31:41
INJECTED from src/main/AndroidManifest.xml:29:5-31:41
MERGED from [:locale_api] AndroidManifest.xml:5:5-7:41
MERGED from [:locale_api] AndroidManifest.xml:5:5-7:41
INJECTED from src/main/AndroidManifest.xml:29:5-31:41
INJECTED from src/main/AndroidManifest.xml:29:5-31:41
	android:targetSdkVersion
		ADDED from src/main/AndroidManifest.xml:31:9-38
		INJECTED from src/main/AndroidManifest.xml
		INJECTED from src/main/AndroidManifest.xml
	android:minSdkVersion
		ADDED from src/main/AndroidManifest.xml:30:9-34
		INJECTED from src/main/AndroidManifest.xml
		INJECTED from src/main/AndroidManifest.xml
uses-feature#android.hardware.touchscreen
ADDED from src/main/AndroidManifest.xml:34:5-36:36
MERGED from [:locale_api] AndroidManifest.xml:9:5-11:36
MERGED from [:locale_api] AndroidManifest.xml:9:5-11:36
	android:required
		ADDED from src/main/AndroidManifest.xml:36:9-33
	android:name
		ADDED from src/main/AndroidManifest.xml:35:9-52
uses-permission#android.permission.INTERNET
ADDED from src/main/AndroidManifest.xml:39:5-83
	android:name
		ADDED from src/main/AndroidManifest.xml:39:22-64
uses-permission#android.permission.ACCESS_NETWORK_STATE
ADDED from src/main/AndroidManifest.xml:40:5-95
	android:name
		ADDED from src/main/AndroidManifest.xml:40:22-76
uses-permission#android.permission.READ_EXTERNAL_STORAGE
ADDED from src/main/AndroidManifest.xml:41:5-96
	android:name
		ADDED from src/main/AndroidManifest.xml:41:22-77
uses-permission#android.permission.WRITE_EXTERNAL_STORAGE
ADDED from src/main/AndroidManifest.xml:42:5-97
	android:name
		ADDED from src/main/AndroidManifest.xml:42:22-78
supports-screens
ADDED from src/main/AndroidManifest.xml:46:5-51:40
	android:largeScreens
		ADDED from src/main/AndroidManifest.xml:48:9-36
	android:smallScreens
		ADDED from src/main/AndroidManifest.xml:50:9-36
	android:normalScreens
		ADDED from src/main/AndroidManifest.xml:49:9-37
	android:xlargeScreens
		ADDED from src/main/AndroidManifest.xml:51:9-37
	android:anyDensity
		ADDED from src/main/AndroidManifest.xml:47:9-34
application
ADDED from src/main/AndroidManifest.xml:54:5-116:19
	android:label
		ADDED from src/main/AndroidManifest.xml:59:9-41
	android:hardwareAccelerated
		ADDED from src/main/AndroidManifest.xml:57:9-43
	android:uiOptions
		ADDED from src/main/AndroidManifest.xml:60:9-53
	android:icon
		ADDED from src/main/AndroidManifest.xml:58:9-38
	android:allowBackup
		ADDED from src/main/AndroidManifest.xml:56:9-35
	android:name
		ADDED from src/main/AndroidManifest.xml:55:9-55
activity#com.ADBPlugin.ui.InfoActivity
ADDED from src/main/AndroidManifest.xml:66:9-75:20
	android:exported
		ADDED from src/main/AndroidManifest.xml:68:13-36
	tools:ignore
		ADDED from src/main/AndroidManifest.xml:69:13-44
	android:name
		ADDED from src/main/AndroidManifest.xml:67:13-57
intent-filter#android.intent.action.MAIN+android.intent.category.INFO
ADDED from src/main/AndroidManifest.xml:70:13-74:29
action#android.intent.action.MAIN
ADDED from src/main/AndroidManifest.xml:71:17-69
	android:name
		ADDED from src/main/AndroidManifest.xml:71:25-66
category#android.intent.category.INFO
ADDED from src/main/AndroidManifest.xml:73:17-73
	android:name
		ADDED from src/main/AndroidManifest.xml:73:27-70
activity#com.ADBPlugin.ui.EditActivity
ADDED from src/main/AndroidManifest.xml:84:9-97:20
	android:label
		ADDED from src/main/AndroidManifest.xml:88:13-48
	android:windowSoftInputMode
		ADDED from src/main/AndroidManifest.xml:90:13-55
	android:exported
		ADDED from src/main/AndroidManifest.xml:86:13-36
	tools:ignore
		ADDED from src/main/AndroidManifest.xml:91:13-44
	android:uiOptions
		ADDED from src/main/AndroidManifest.xml:89:13-57
	android:icon
		ADDED from src/main/AndroidManifest.xml:87:13-42
	android:name
		ADDED from src/main/AndroidManifest.xml:85:13-57
intent-filter#com.twofortyfouram.locale.intent.action.EDIT_SETTING
ADDED from src/main/AndroidManifest.xml:94:13-96:29
action#com.twofortyfouram.locale.intent.action.EDIT_SETTING
ADDED from src/main/AndroidManifest.xml:95:17-95
	android:name
		ADDED from src/main/AndroidManifest.xml:95:25-92
receiver#com.ADBPlugin.receiver.FireReceiver
ADDED from src/main/AndroidManifest.xml:105:9-115:20
	android:process
		ADDED from src/main/AndroidManifest.xml:108:13-42
	android:exported
		ADDED from src/main/AndroidManifest.xml:107:13-36
	tools:ignore
		ADDED from src/main/AndroidManifest.xml:109:13-44
	android:name
		ADDED from src/main/AndroidManifest.xml:106:13-63
intent-filter#com.twofortyfouram.locale.intent.action.FIRE_SETTING
ADDED from src/main/AndroidManifest.xml:112:13-114:29
action#com.twofortyfouram.locale.intent.action.FIRE_SETTING
ADDED from src/main/AndroidManifest.xml:113:17-95
	android:name
		ADDED from src/main/AndroidManifest.xml:113:25-92